<?xml version="1.0" encoding="UTF-8"?>
<!-- Generated by org.testng.reporters.JUnitReportReporter -->
<testsuite hostname="LAPTOP-HFCG3HIS" failures="0" tests="1" name="SubmitOrder.SubmitOrder" time="7.992" errors="0" timestamp="2025-09-14T19:41:50 IST" skipped="0">
  <testcase classname="SubmitOrder.SubmitOrder" name="submitOrder" time="7.992"/>
</testsuite> <!-- SubmitOrder.SubmitOrder -->
